<?xml version="1.0" encoding="UTF-8"?>
<!-- Generated by org.testng.reporters.JUnitXMLReporter -->
<testsuite ignored="0" hostname="DESKTOP-E9SKAKK" failures="0" tests="3" name="Test" time="153.569" errors="0" timestamp="2024-10-21T13:37:52 IST">
  <testcase classname="orgbatchExceutionClasses.Puma" name="launchOne8" time="66.572"/>
  <testcase classname="orgbatchExceutionClasses.One8" name="launchOne8" time="149.756"/>
  <testcase classname="orgbatchExceutionClasses.Tanishq" name="launchOne8" time="153.496"/>
</testsuite> <!-- Test -->
