<?xml version="1.0" encoding="UTF-8"?>
<testng-results ignored="0" total="3" passed="3" failed="0" skipped="0">
  <reporter-output>
    <line>
      <![CDATA[Puma is launched]]>
    </line>
    <line>
      <![CDATA[one8 is launched]]>
    </line>
    <line>
      <![CDATA[Tanishq is launched]]>
    </line>
  </reporter-output>
  <suite started-at="2024-10-21T13:35:19 IST" name="Suite" finished-at="2024-10-21T13:37:52 IST" duration-ms="153569">
    <groups>
    </groups>
    <test started-at="2024-10-21T13:35:19 IST" name="Test" finished-at="2024-10-21T13:37:52 IST" duration-ms="153569">
      <class name="orgbatchExceutionClasses.One8">
        <test-method signature="launchOne8()[pri:0, instance:orgbatchExceutionClasses.One8@6a400542]" started-at="2024-10-21T13:35:19 IST" name="launchOne8" finished-at="2024-10-21T13:37:48 IST" duration-ms="149756" status="PASS">
          <reporter-output>
            <line>
              <![CDATA[one8 is launched]]>
            </line>
          </reporter-output>
        </test-method> <!-- launchOne8 -->
      </class> <!-- orgbatchExceutionClasses.One8 -->
      <class name="orgbatchExceutionClasses.Puma">
        <test-method signature="launchOne8()[pri:0, instance:orgbatchExceutionClasses.Puma@654f0d9c]" started-at="2024-10-21T13:35:19 IST" name="launchOne8" finished-at="2024-10-21T13:36:25 IST" duration-ms="66572" status="PASS">
          <reporter-output>
            <line>
              <![CDATA[Puma is launched]]>
            </line>
          </reporter-output>
        </test-method> <!-- launchOne8 -->
      </class> <!-- orgbatchExceutionClasses.Puma -->
      <class name="orgbatchExceutionClasses.Tanishq">
        <test-method signature="launchOne8()[pri:0, instance:orgbatchExceutionClasses.Tanishq@4b0b0854]" started-at="2024-10-21T13:35:19 IST" name="launchOne8" finished-at="2024-10-21T13:37:52 IST" duration-ms="153496" status="PASS">
          <reporter-output>
            <line>
              <![CDATA[Tanishq is launched]]>
            </line>
          </reporter-output>
        </test-method> <!-- launchOne8 -->
      </class> <!-- orgbatchExceutionClasses.Tanishq -->
    </test> <!-- Test -->
  </suite> <!-- Suite -->
</testng-results>
